accountsservice
adduser
alsa-topology-conf
alsa-ucm-conf
amd64-microcode
apparmor
apport
apport-symptoms
apt
apt-utils
at
bash-completion
bc
bcache-tools
bind9-dnsutils
bind9-host
bind9-libs
binutils
binutils-common
binutils-x86-64-linux-gnu
bolt
bsdmainutils
bsdutils
btrfs-progs
busybox-initramfs
busybox-static
byobu
bzip2
ca-certificates
cloud-guest-utils
cloud-initramfs-copymods
cloud-initramfs-dyn-netconf
command-not-found
console-setup
console-setup-linux
coreutils
cpio
cpp
cpp-9
cron
cryptsetup
cryptsetup-bin
cryptsetup-initramfs
cryptsetup-run
curl
dbus
dbus-user-session
dconf-gsettings-backend
dconf-service
debconf
debconf-i18n
debianutils
dirmngr
distro-info
distro-info-data
dmeventd
dmidecode
dmsetup
dosfstools
dpkg
dpkg-dev
e2fsprogs
ed
eject
ethtool
fakeroot
file
finalrd
fontconfig
fontconfig-config
fonts-dejavu-core
fonts-ubuntu-console
friendly-recovery
ftp
fuse
fwupd
fwupd-signed
g++
g++-9
gawk
gcc
gcc-10-base
gcc-9
gcc-9-base
gdisk
gettext-base
gir1.2-glib-2.0
gir1.2-harfbuzz-0.0
gir1.2-packagekitglib-1.0
git-man
glib-networking
glib-networking-common
glib-networking-services
gnupg
gnupg-l10n
gnupg-utils
gpg
gpg-agent
gpg-wks-client
gpg-wks-server
gpgconf
gpgsm
gpgv
groff-base
grub-common
grub-gfxpayload-lists
grub-pc
grub-pc-bin
grub2-common
gsettings-desktop-schemas
hdparm
icu-devtools
info
init-system-helpers
initramfs-tools
initramfs-tools-bin
initramfs-tools-core
install-info
intel-microcode
iproute2
iptables
iputils-ping
iputils-tracepath
irqbalance
isc-dhcp-client
isc-dhcp-common
iso-codes
iucode-tool
kbd
keyboard-configuration
klibc-utils
kmod
kpartx
krb5-locales
landscape-common
language-selector-common
less
libaccountsservice0
libacl1
libaio1
libalgorithm-diff-perl
libalgorithm-diff-xs-perl
libalgorithm-merge-perl
libapparmor1
libappstream4
libapt-pkg6.0
libarchive13
libargon2-1
libasan5
libasn1-8-heimdal
libasound2
libasound2-data
libassuan0
libatasmart4
libatm1
libatomic1
libattr1
libaudit-common
libaudit1
libbinutils
libblkid-dev
libblkid1
libblockdev-crypto2
libblockdev-fs2
libblockdev-loop2
libblockdev-part-err2
libblockdev-part2
libblockdev-swap2
libblockdev-utils2
libblockdev2
libbrotli1
libbsd0
libbz2-1.0
libc-ares2
libc-bin
libc-dev-bin
libc6
libc6-dev
libcanberra0
libcap-ng0
libcap2
libcap2-bin
libcbor0.6
libcc1-0
libcom-err2
libcrypt-dev
libcrypt1
libcryptsetup12
libctf-nobfd0
libctf0
libcurl3-gnutls
libcurl4
libdb5.3
libdbus-1-3
libdconf1
libdevmapper-event1.02.1
libdevmapper1.02.1
libdns-export1109
libdpkg-perl
libdrm-common
libdrm2
libedit2
libefiboot1
libefivar1
libelf1
liberror-perl
libestr0
libevent-2.1-7
libexpat1
libexpat1-dev
libext2fs2
libfakeroot
libfastjson4
libffi-dev
libffi7
libfido2-1
libfile-fcntllock-perl
libfl2
libfontconfig1
libfontenc1
libfreetype-dev
libfreetype6
libfribidi0
libfuse2
libfwupd2
libfwupdplugin1
libgcab-1.0-0
libgcc-9-dev
libgcc-s1
libgcrypt20
libgdbm-compat4
libgdbm6
libgirepository-1.0-1
libglib2.0-0
libglib2.0-bin
libglib2.0-data
libglib2.0-dev
libglib2.0-dev-bin
libgmp10
libgnutls30
libgomp1
libgpg-error0
libgpgme11
libgpm2
libgraphite2-3
libgraphite2-dev
libgssapi-krb5-2
libgssapi3-heimdal
libgstreamer1.0-0
libgudev-1.0-0
libgusb2
libharfbuzz-gobject0
libharfbuzz-icu0
libharfbuzz0b
libhcrypto4-heimdal
libheimbase1-heimdal
libheimntlm0-heimdal
libhogweed5
libhx509-5-heimdal
libicu-dev
libicu66
libidn2-0
libip4tc2
libip6tc2
libisc-export1105
libisl22
libisns0
libitm1
libjbig-dev
libjbig0
libjcat1
libjpeg-turbo8
libjpeg-turbo8-dev
libjpeg8
libjs-source-map
libjson-c4
libjson-glib-1.0-0
libjson-glib-1.0-common
libk5crypto3
libkeyutils1
libklibc
libkmod2
libkrb5-26-heimdal
libkrb5-3
libkrb5support0
libksba8
liblcms2-2
libldap-2.4-2
libldap-common
libllvm10
liblmdb0
liblocale-gettext-perl
liblsan0
libltdl7
liblvm2cmd2.03
liblz4-1
liblzma-dev
liblzma5
liblzo2-2
libmagic-mgc
libmagic1
libmaxminddb0
libmnl0
libmount-dev
libmount1
libmpc3
libmpdec2
libmpfr6
libmspack0
libncurses6
libncursesw6
libnetfilter-conntrack3
libnetplan0
libnettle7
libnewt0.52
libnfnetlink0
libnftnl11
libnghttp2-14
libnode64
libnpth0
libnspr4
libnss-systemd
libnss3
libntfs-3g883
libnuma1
libogg0
libopenjp2-7
libp11-kit0
libpackagekit-glib2-18
libpam-cap
libpam-modules
libpam-modules-bin
libpam-runtime
libpam-systemd
libpam0g
libparted-fs-resize0
libparted2
libpcap0.8
libpci3
libpcre16-3
libpcre2-16-0
libpcre2-32-0
libpcre2-8-0
libpcre2-dev
libpcre2-posix2
libpcre3
libpcre3-dev
libpcre32-3
libpcrecpp0v5
libperl5.30
libpipeline1
libplymouth5
libpng-dev
libpng-tools
libpng16-16
libpolkit-agent-1-0
libpolkit-gobject-1-0
libpopt0
libpq5
libprocps8
libproxy1v5
libpsl5
libpthread-stubs0-dev
libpython3-dev
libpython3-stdlib
libpython3.8
libpython3.8-dev
libpython3.8-minimal
libpython3.8-stdlib
libquadmath0
libreadline5
libreadline8
libroken18-heimdal
librtmp1
libsasl2-2
libsasl2-modules
libsasl2-modules-db
libseccomp2
libselinux1
libselinux1-dev
libsemanage-common
libsemanage1
libsensors-config
libsensors5
libsepol1
libsepol1-dev
libsgutils2-2
libsigsegv2
libslang2
libsmartcols1
libsmbios-c2
libsoup2.4-1
libsqlite3-0
libss2
libssh-4
libssl1.1
libstdc++-9-dev
libstdc++6
libstemmer0d
libsystemd0
libtasn1-6
libtdb1
libtext-charwidth-perl
libtext-iconv-perl
libtext-wrapi18n-perl
libtiff-dev
libtiff5
libtiffxx5
libtinfo6
libtsan0
libtss2-esys0
libubsan1
libuchardet0
libudev1
libudisks2-0
libunistring2
libunwind8
liburcu6
libusb-1.0-0
libutempter0
libuuid1
libuv1
libvolume-key1
libvorbis0a
libvorbisfile3
libwebp6
libwebpdemux2
libwebpmux3
libwind0-heimdal
libx11-6
libx11-data
libxau-dev
libxau6
libxcb1
libxdmcp-dev
libxdmcp6
libxext6
libxml2
libxmlb1
libxmlsec1
libxmlsec1-openssl
libxmuu1
libxrender1
libxslt1.1
libxtables12
libyaml-0-2
libzip5
libzstd1
linux-aws-5.11-headers-5.11.0-1027
linux-base
linux-headers-5.11.0-1027-aws
linux-image-5.11.0-1027-aws
linux-libc-dev
linux-modules-5.11.0-1027-aws
locales
login
logrotate
logsave
lsb-base
lsb-release
lshw
lsof
ltrace
lvm2
lxd-agent-loader
lz4
make
man-db
manpages
manpages-dev
mawk
mdadm
microcode-initrd
mime-support
motd-news-config
mount
mtr-tiny
multipath-tools
nano
netbase
netcat-openbsd
netplan.io
networkd-dispatcher
node-source-map
nodejs
nodejs-doc
ntfs-3g
open-iscsi
open-vm-tools
openssh-client
openssl
os-prober
overlayroot
packagekit
packagekit-tools
parted
passwd
pastebinit
patch
pci.ids
pciutils
perl
perl-base
perl-modules-5.30
pinentry-curses
pkg-config
plymouth
plymouth-theme-ubuntu-text
policykit-1
pollinate
popularity-contest
postgresql-12
postgresql-client-12
postgresql-client-common
postgresql-common
powermgmt-base
procps
psmisc
publicsuffix
python-apt-common
python-pip-whl
python3
python3-apport
python3-apt
python3-attr
python3-automat
python3-blinker
python3-certifi
python3-cffi-backend
python3-chardet
python3-click
python3-colorama
python3-commandnotfound
python3-configobj
python3-constantly
python3-cryptography
python3-dbus
python3-debconf
python3-debian
python3-distro
python3-distro-info
python3-distupgrade
python3-entrypoints
python3-gdbm
python3-gi
python3-hamcrest
python3-httplib2
python3-hyperlink
python3-idna
python3-incremental
python3-jwt
python3-keyring
python3-launchpadlib
python3-lazr.restfulclient
python3-lazr.uri
python3-minimal
python3-netifaces
python3-newt
python3-oauthlib
python3-openssl
python3-pexpect
python3-pkg-resources
python3-problem-report
python3-ptyprocess
python3-pyasn1
python3-pyasn1-modules
python3-requests
python3-requests-unixsocket
python3-secretstorage
python3-service-identity
python3-simplejson
python3-six
python3-software-properties
python3-systemd
python3-twisted
python3-twisted-bin
python3-update-manager
python3-urllib3
python3-wadllib
python3-yaml
python3-zope.interface
python3.8
python3.8-dev
python3.8-minimal
python3.8-venv
readline-common
rsync
rsyslog
run-one
sbsigntool
screen
secureboot-db
sed
sensible-utils
sg3-utils
sg3-utils-udev
shared-mime-info
snapd
software-properties-common
sosreport
sound-theme-freedesktop
squashfs-tools
ssl-cert
strace
sudo
sysstat
systemd
systemd-sysv
systemd-timesyncd
tar
tcpdump
telnet
thin-provisioning-tools
time
tmux
tpm-udev
tzdata
ubuntu-advantage-tools
ubuntu-keyring
ubuntu-release-upgrader-core
ucf
udev
udisks2
ufw
unattended-upgrades
update-manager-core
update-notifier-common
usb.ids
usbutils
util-linux
uuid-dev
uuid-runtime
vim
vim-common
vim-runtime
vim-tiny
whiptail
x11-common
x11proto-core-dev
x11proto-dev
xauth
xdg-user-dirs
xfonts-75dpi
xfonts-base
xfonts-encodings
xfonts-utils
xfsprogs
xkb-data
xorg-sgml-doctools
xxd
xz-utils
zerofree
zlib1g
